#
# There is insufficient memory for the Java Runtime Environment to continue.
# Native memory allocation (malloc) failed to allocate 808 bytes for AllocateHeap
# Possible reasons:
#   The system is out of physical RAM or swap space
#   The process is running with CompressedOops enabled, and the Java Heap may be blocking the growth of the native heap
# Possible solutions:
#   Reduce memory load on the system
#   Increase physical memory or swap space
#   Check if swap backing store is full
#   Decrease Java heap size (-Xmx/-Xms)
#   Decrease number of Java threads
#   Decrease Java thread stack sizes (-Xss)
#   Set larger code cache with -XX:ReservedCodeCacheSize=
#   JVM is running with Unscaled Compressed Oops mode in which the Java heap is
#     placed in the first 4GB address space. The Java Heap base address is the
#     maximum limit for the native heap growth. Please use -XX:HeapBaseMinAddress
#     to set the Java Heap base and to place the Java Heap above 4GB virtual address.
# This output file may be truncated or incomplete.
#
#  Out of Memory Error (allocation.cpp:44), pid=35444, tid=33212
#
# JRE version: OpenJDK Runtime Environment (16.0.2+7) (build 16.0.2+7-67)
# Java VM: OpenJDK 64-Bit Server VM (16.0.2+7-67, mixed mode, tiered, compressed oops, compressed class ptrs, g1 gc, windows-amd64)
# No core dump will be written. Minidumps are not enabled by default on client versions of Windows
#

---------------  S U M M A R Y ------------

Command Line: -XX:+ShowCodeDetailsInExceptionMessages -agentlib:jdwp=transport=dt_socket,suspend=y,address=localhost:58206 -javaagent:C:\Users\abner\OneDrive\햞ea de Trabalho\Generation Brasil\sts-4.11.1.RELEASE\configuration\org.eclipse.osgi\258\0\.cp\lib\javaagent-shaded.jar -Dfile.encoding=Cp1252 br.com.generation.projetoJavaAmarelo.Inicio

Host: Intel(R) Core(TM) i3-6006U CPU @ 2.00GHz, 4 cores, 3G,  Windows 10 , 64 bit Build 19041 (10.0.19041.1151)
Time: Tue Sep 14 00:42:23 2021 Hora oficial do Brasil elapsed time: 0.792577 seconds (0d 0h 0m 0s)

---------------  T H R E A D  ---------------

Current thread (0x0000025666fdae50):  JavaThread "main" [_thread_in_vm, id=33212, stack(0x000000a13c800000,0x000000a13c900000)]

Stack: [0x000000a13c800000,0x000000a13c900000]
Native frames: (J=compiled Java code, j=interpreted, Vv=VM code, C=native code)
V  [jvm.dll+0x6681ca]
V  [jvm.dll+0x7c9e69]
V  [jvm.dll+0x7cb61e]
V  [jvm.dll+0x7cbc73]
V  [jvm.dll+0x242c55]
V  [jvm.dll+0xa8732]
V  [jvm.dll+0x62f72b]
V  [jvm.dll+0x63117a]
V  [jvm.dll+0x409909]
C  0x000002566a571d52

Java frames: (J=compiled Java code, j=interpreted, Vv=VM code)
j  java.lang.Module.addReads0(Ljava/lang/Module;Ljava/lang/Module;)V+0 java.base@16.0.2
j  java.lang.Module.defineModules(Ljava/lang/module/Configuration;Ljava/util/function/Function;Ljava/lang/ModuleLayer;)Ljava/util/Map;+570 java.base@16.0.2
j  java.lang.ModuleLayer.<init>(Ljava/lang/module/Configuration;Ljava/util/List;Ljava/util/function/Function;)V+34 java.base@16.0.2
j  java.lang.ModuleLayer.defineModules(Ljava/lang/module/Configuration;Ljava/util/List;Ljava/util/function/Function;)Ljava/lang/ModuleLayer$Controller;+36 java.base@16.0.2
j  java.lang.ModuleLayer.defineModules(Ljava/lang/module/Configuration;Ljava/util/function/Function;)Ljava/lang/ModuleLayer;+6 java.base@16.0.2
j  jdk.internal.module.ModuleBootstrap.boot2()Ljava/lang/ModuleLayer;+1203 java.base@16.0.2
j  jdk.internal.module.ModuleBootstrap.boot()Ljava/lang/ModuleLayer;+64 java.base@16.0.2
j  java.lang.System.initPhase2(ZZ)I+0 java.base@16.0.2
v  ~StubRoutines::call_stub

---------------  P R O C E S S  ---------------

Threads class SMR info:
_java_thread_list=0x000002567df14d90, length=11, elements={
0x0000025666fdae50, 0x000002567df5a250, 0x000002567df5d0b0, 0x000002567df8db80,
0x000002567df8f4a0, 0x000002567df8fdb0, 0x000002567df93bc0, 0x000002567df948b0,
0x000002567df952b0, 0x000002567e938050, 0x000002567e9b0640
}

Java Threads: ( => current thread )
=>0x0000025666fdae50 JavaThread "main" [_thread_in_vm, id=33212, stack(0x000000a13c800000,0x000000a13c900000)]
  0x000002567df5a250 JavaThread "Reference Handler" daemon [_thread_blocked, id=35600, stack(0x000000a13cf00000,0x000000a13d000000)]
  0x000002567df5d0b0 JavaThread "Finalizer" daemon [_thread_blocked, id=35616, stack(0x000000a13d000000,0x000000a13d100000)]
  0x000002567df8db80 JavaThread "Signal Dispatcher" daemon [_thread_blocked, id=35620, stack(0x000000a13d100000,0x000000a13d200000)]
  0x000002567df8f4a0 JavaThread "Attach Listener" daemon [_thread_blocked, id=34904, stack(0x000000a13d200000,0x000000a13d300000)]
  0x000002567df8fdb0 JavaThread "Service Thread" daemon [_thread_blocked, id=34900, stack(0x000000a13d300000,0x000000a13d400000)]
  0x000002567df93bc0 JavaThread "Monitor Deflation Thread" daemon [_thread_blocked, id=34912, stack(0x000000a13d400000,0x000000a13d500000)]
  0x000002567df948b0 JavaThread "C2 CompilerThread0" daemon [_thread_blocked, id=34628, stack(0x000000a13d500000,0x000000a13d600000)]
  0x000002567df952b0 JavaThread "C1 CompilerThread0" daemon [_thread_blocked, id=34948, stack(0x000000a13d600000,0x000000a13d700000)]
  0x000002567e938050 JavaThread "Sweeper thread" daemon [_thread_blocked, id=34908, stack(0x000000a13d700000,0x000000a13d800000)]
  0x000002567e9b0640 JavaThread "Common-Cleaner" daemon [_thread_blocked, id=35016, stack(0x000000a13d800000,0x000000a13d900000)]

Other Threads:
  0x000002567df45f60 VMThread "VM Thread" [stack: 0x000000a13ce00000,0x000000a13cf00000] [id=34896] _threads_hazard_ptr=0x000002567df14d90
  0x000002566700c2f0 GCTaskThread "GC Thread#0" [stack: 0x000000a13c900000,0x000000a13ca00000] [id=35832]
  0x00000256670150c0 ConcurrentGCThread "G1 Main Marker" [stack: 0x000000a13ca00000,0x000000a13cb00000] [id=34880]
  0x0000025667016260 ConcurrentGCThread "G1 Conc#0" [stack: 0x000000a13cb00000,0x000000a13cc00000] [id=34888]
  0x00000256670650a0 ConcurrentGCThread "G1 Refine#0" [stack: 0x000000a13cc00000,0x000000a13cd00000] [id=35236]
  0x00000256670679c0 ConcurrentGCThread "G1 Service" [stack: 0x000000a13cd00000,0x000000a13ce00000] [id=34892]

Threads with active compile tasks:

VM state: synchronizing (normal execution)

VM Mutex/Monitor currently owned by a thread:  ([mutex/lock_event])
[0x0000025666fd5bf0] Module_lock - owner thread: 0x0000025666fdae50
[0x0000025666fd7aa0] Threads_lock - owner thread: 0x000002567df45f60

Heap address: 0x00000000c1400000, size: 1004 MB, Compressed Oops mode: 32-bit

CDS disabled.
Compressed class space mapped at: 0x0000000100000000-0x0000000140000000, reserved size: 1073741824
Narrow klass base: 0x0000000000000000, Narrow klass shift: 3, Narrow klass range: 0x140000000

GC Precious Log:
 CPUs: 4 total, 4 available
 Memory: 4009M
 Large Page Support: Disabled
 NUMA Support: Disabled
 Compressed Oops: Enabled (32-bit)
 Heap Region Size: 1M
 Heap Min Capacity: 8M
 Heap Initial Capacity: 64M
 Heap Max Capacity: 1004M
 Pre-touch: Disabled
 Parallel Workers: 4
 Concurrent Workers: 1
 Concurrent Refinement Workers: 4
 Periodic GC: Disabled

Heap:
 garbage-first heap   total 65536K, used 1024K [0x00000000c1400000, 0x0000000100000000)
  region size 1024K, 2 young (2048K), 0 survivors (0K)
 Metaspace       used 4989K, committed 5184K, reserved 1056768K
  class space    used 400K, committed 512K, reserved 1048576K

Heap Regions: E=young(eden), S=young(survivor), O=old, HS=humongous(starts), HC=humongous(continues), CS=collection set, F=free, OA=open archive, CA=closed archive, TAMS=top-at-mark-start (previous, next)
|   0|0x00000000c1400000, 0x00000000c1400000, 0x00000000c1500000|  0%| F|  |TAMS 0x00000000c1400000, 0x00000000c1400000| Untracked 
|   1|0x00000000c1500000, 0x00000000c1500000, 0x00000000c1600000|  0%| F|  |TAMS 0x00000000c1500000, 0x00000000c1500000| Untracked 
|   2|0x00000000c1600000, 0x00000000c1600000, 0x00000000c1700000|  0%| F|  |TAMS 0x00000000c1600000, 0x00000000c1600000| Untracked 
|   3|0x00000000c1700000, 0x00000000c1700000, 0x00000000c1800000|  0%| F|  |TAMS 0x00000000c1700000, 0x00000000c1700000| Untracked 
|   4|0x00000000c1800000, 0x00000000c1800000, 0x00000000c1900000|  0%| F|  |TAMS 0x00000000c1800000, 0x00000000c1800000| Untracked 
|   5|0x00000000c1900000, 0x00000000c1900000, 0x00000000c1a00000|  0%| F|  |TAMS 0x00000000c1900000, 0x00000000c1900000| Untracked 
|   6|0x00000000c1a00000, 0x00000000c1a00000, 0x00000000c1b00000|  0%| F|  |TAMS 0x00000000c1a00000, 0x00000000c1a00000| Untracked 
|   7|0x00000000c1b00000, 0x00000000c1b00000, 0x00000000c1c00000|  0%| F|  |TAMS 0x00000000c1b00000, 0x00000000c1b00000| Untracked 
|   8|0x00000000c1c00000, 0x00000000c1c00000, 0x00000000c1d00000|  0%| F|  |TAMS 0x00000000c1c00000, 0x00000000c1c00000| Untracked 
|   9|0x00000000c1d00000, 0x00000000c1d00000, 0x00000000c1e00000|  0%| F|  |TAMS 0x00000000c1d00000, 0x00000000c1d00000| Untracked 
|  10|0x00000000c1e00000, 0x00000000c1e00000, 0x00000000c1f00000|  0%| F|  |TAMS 0x00000000c1e00000, 0x00000000c1e00000| Untracked 
|  11|0x00000000c1f00000, 0x00000000c1f00000, 0x00000000c2000000|  0%| F|  |TAMS 0x00000000c1f00000, 0x00000000c1f00000| Untracked 
|  12|0x00000000c2000000, 0x00000000c2000000, 0x00000000c2100000|  0%| F|  |TAMS 0x00000000c2000000, 0x00000000c2000000| Untracked 
|  13|0x00000000c2100000, 0x00000000c2100000, 0x00000000c2200000|  0%| F|  |TAMS 0x00000000c2100000, 0x00000000c2100000| Untracked 
|  14|0x00000000c2200000, 0x00000000c2200000, 0x00000000c2300000|  0%| F|  |TAMS 0x00000000c2200000, 0x00000000c2200000| Untracked 
|  15|0x00000000c2300000, 0x00000000c2300000, 0x00000000c2400000|  0%| F|  |TAMS 0x00000000c2300000, 0x00000000c2300000| Untracked 
|  16|0x00000000c2400000, 0x00000000c2400000, 0x00000000c2500000|  0%| F|  |TAMS 0x00000000c2400000, 0x00000000c2400000| Untracked 
|  17|0x00000000c2500000, 0x00000000c2500000, 0x00000000c2600000|  0%| F|  |TAMS 0x00000000c2500000, 0x00000000c2500000| Untracked 
|  18|0x00000000c2600000, 0x00000000c2600000, 0x00000000c2700000|  0%| F|  |TAMS 0x00000000c2600000, 0x00000000c2600000| Untracked 
|  19|0x00000000c2700000, 0x00000000c2700000, 0x00000000c2800000|  0%| F|  |TAMS 0x00000000c2700000, 0x00000000c2700000| Untracked 
|  20|0x00000000c2800000, 0x00000000c2800000, 0x00000000c2900000|  0%| F|  |TAMS 0x00000000c2800000, 0x00000000c2800000| Untracked 
|  21|0x00000000c2900000, 0x00000000c2900000, 0x00000000c2a00000|  0%| F|  |TAMS 0x00000000c2900000, 0x00000000c2900000| Untracked 
|  22|0x00000000c2a00000, 0x00000000c2a00000, 0x00000000c2b00000|  0%| F|  |TAMS 0x00000000c2a00000, 0x00000000c2a00000| Untracked 
|  23|0x00000000c2b00000, 0x00000000c2b00000, 0x00000000c2c00000|  0%| F|  |TAMS 0x00000000c2b00000, 0x00000000c2b00000| Untracked 
|  24|0x00000000c2c00000, 0x00000000c2c00000, 0x00000000c2d00000|  0%| F|  |TAMS 0x00000000c2c00000, 0x00000000c2c00000| Untracked 
|  25|0x00000000c2d00000, 0x00000000c2d00000, 0x00000000c2e00000|  0%| F|  |TAMS 0x00000000c2d00000, 0x00000000c2d00000| Untracked 
|  26|0x00000000c2e00000, 0x00000000c2e00000, 0x00000000c2f00000|  0%| F|  |TAMS 0x00000000c2e00000, 0x00000000c2e00000| Untracked 
|  27|0x00000000c2f00000, 0x00000000c2f00000, 0x00000000c3000000|  0%| F|  |TAMS 0x00000000c2f00000, 0x00000000c2f00000| Untracked 
|  28|0x00000000c3000000, 0x00000000c3000000, 0x00000000c3100000|  0%| F|  |TAMS 0x00000000c3000000, 0x00000000c3000000| Untracked 
|  29|0x00000000c3100000, 0x00000000c3100000, 0x00000000c3200000|  0%| F|  |TAMS 0x00000000c3100000, 0x00000000c3100000| Untracked 
|  30|0x00000000c3200000, 0x00000000c3200000, 0x00000000c3300000|  0%| F|  |TAMS 0x00000000c3200000, 0x00000000c3200000| Untracked 
|  31|0x00000000c3300000, 0x00000000c3300000, 0x00000000c3400000|  0%| F|  |TAMS 0x00000000c3300000, 0x00000000c3300000| Untracked 
|  32|0x00000000c3400000, 0x00000000c3400000, 0x00000000c3500000|  0%| F|  |TAMS 0x00000000c3400000, 0x00000000c3400000| Untracked 
|  33|0x00000000c3500000, 0x00000000c3500000, 0x00000000c3600000|  0%| F|  |TAMS 0x00000000c3500000, 0x00000000c3500000| Untracked 
|  34|0x00000000c3600000, 0x00000000c3600000, 0x00000000c3700000|  0%| F|  |TAMS 0x00000000c3600000, 0x00000000c3600000| Untracked 
|  35|0x00000000c3700000, 0x00000000c3700000, 0x00000000c3800000|  0%| F|  |TAMS 0x00000000c3700000, 0x00000000c3700000| Untracked 
|  36|0x00000000c3800000, 0x00000000c3800000, 0x00000000c3900000|  0%| F|  |TAMS 0x00000000c3800000, 0x00000000c3800000| Untracked 
|  37|0x00000000c3900000, 0x00000000c3900000, 0x00000000c3a00000|  0%| F|  |TAMS 0x00000000c3900000, 0x00000000c3900000| Untracked 
|  38|0x00000000c3a00000, 0x00000000c3a00000, 0x00000000c3b00000|  0%| F|  |TAMS 0x00000000c3a00000, 0x00000000c3a00000| Untracked 
|  39|0x00000000c3b00000, 0x00000000c3b00000, 0x00000000c3c00000|  0%| F|  |TAMS 0x00000000c3b00000, 0x00000000c3b00000| Untracked 
|  40|0x00000000c3c00000, 0x00000000c3c00000, 0x00000000c3d00000|  0%| F|  |TAMS 0x00000000c3c00000, 0x00000000c3c00000| Untracked 
|  41|0x00000000c3d00000, 0x00000000c3d00000, 0x00000000c3e00000|  0%| F|  |TAMS 0x00000000c3d00000, 0x00000000c3d00000| Untracked 
|  42|0x00000000c3e00000, 0x00000000c3e00000, 0x00000000c3f00000|  0%| F|  |TAMS 0x00000000c3e00000, 0x00000000c3e00000| Untracked 
|  43|0x00000000c3f00000, 0x00000000c3f00000, 0x00000000c4000000|  0%| F|  |TAMS 0x00000000c3f00000, 0x00000000c3f00000| Untracked 
|  44|0x00000000c4000000, 0x00000000c4000000, 0x00000000c4100000|  0%| F|  |TAMS 0x00000000c4000000, 0x00000000c4000000| Untracked 
|  45|0x00000000c4100000, 0x00000000c4100000, 0x00000000c4200000|  0%| F|  |TAMS 0x00000000c4100000, 0x00000000c4100000| Untracked 
|  46|0x00000000c4200000, 0x00000000c4200000, 0x00000000c4300000|  0%| F|  |TAMS 0x00000000c4200000, 0x00000000c4200000| Untracked 
|  47|0x00000000c4300000, 0x00000000c4300000, 0x00000000c4400000|  0%| F|  |TAMS 0x00000000c4300000, 0x00000000c4300000| Untracked 
|  48|0x00000000c4400000, 0x00000000c4400000, 0x00000000c4500000|  0%| F|  |TAMS 0x00000000c4400000, 0x00000000c4400000| Untracked 
|  49|0x00000000c4500000, 0x00000000c4500000, 0x00000000c4600000|  0%| F|  |TAMS 0x00000000c4500000, 0x00000000c4500000| Untracked 
|  50|0x00000000c4600000, 0x00000000c4600000, 0x00000000c4700000|  0%| F|  |TAMS 0x00000000c4600000, 0x00000000c4600000| Untracked 
|  51|0x00000000c4700000, 0x00000000c4700000, 0x00000000c4800000|  0%| F|  |TAMS 0x00000000c4700000, 0x00000000c4700000| Untracked 
|  52|0x00000000c4800000, 0x00000000c4800000, 0x00000000c4900000|  0%| F|  |TAMS 0x00000000c4800000, 0x00000000c4800000| Untracked 
|  53|0x00000000c4900000, 0x00000000c4900000, 0x00000000c4a00000|  0%| F|  |TAMS 0x00000000c4900000, 0x00000000c4900000| Untracked 
|  54|0x00000000c4a00000, 0x00000000c4a00000, 0x00000000c4b00000|  0%| F|  |TAMS 0x00000000c4a00000, 0x00000000c4a00000| Untracked 
|  55|0x00000000c4b00000, 0x00000000c4b00000, 0x00000000c4c00000|  0%| F|  |TAMS 0x00000000c4b00000, 0x00000000c4b00000| Untracked 
|  56|0x00000000c4c00000, 0x00000000c4c00000, 0x00000000c4d00000|  0%| F|  |TAMS 0x00000000c4c00000, 0x00000000c4c00000| Untracked 
|  57|0x00000000c4d00000, 0x00000000c4d00000, 0x00000000c4e00000|  0%| F|  |TAMS 0x00000000c4d00000, 0x00000000c4d00000| Untracked 
|  58|0x00000000c4e00000, 0x00000000c4e00000, 0x00000000c4f00000|  0%| F|  |TAMS 0x00000000c4e00000, 0x00000000c4e00000| Untracked 
|  59|0x00000000c4f00000, 0x00000000c4f00000, 0x00000000c5000000|  0%| F|  |TAMS 0x00000000c4f00000, 0x00000000c4f00000| Untracked 
|  60|0x00000000c5000000, 0x00000000c5000000, 0x00000000c5100000|  0%| F|  |TAMS 0x00000000c5000000, 0x00000000c5000000| Untracked 
|  61|0x00000000c5100000, 0x00000000c5100000, 0x00000000c5200000|  0%| F|  |TAMS 0x00000000c5100000, 0x00000000c5100000| Untracked 
|  62|0x00000000c5200000, 0x00000000c52c84b0, 0x00000000c5300000| 78%| E|  |TAMS 0x00000000c5200000, 0x00000000c5200000| Complete 
|  63|0x00000000c5300000, 0x00000000c5400000, 0x00000000c5400000|100%| E|CS|TAMS 0x00000000c5300000, 0x00000000c5300000| Complete 

Card table byte_map: [0x0000025679760000,0x0000025679960000] _byte_map_base: 0x0000025679156000

Marking Bits (Prev, Next): (CMBitMap*) 0x000002566700c8f0, (CMBitMap*) 0x000002566700c930
 Prev Bits: [0x0000025679b60000, 0x000002567ab10000)
 Next Bits: [0x000002567ab10000, 0x000002567bac0000)

Polling page: 0x00000256667c0000

Metaspace:

Usage:
  Non-class:      4.48 MB used.
      Class:    400.52 KB used.
       Both:      4.87 MB used.

Virtual space:
  Non-class space:        8.00 MB reserved,       4.56 MB ( 57%) committed,  1 nodes.
      Class space:        1.00 GB reserved,     512.00 KB ( <1%) committed,  1 nodes.
              Both:        1.01 GB reserved,       5.06 MB ( <1%) committed. 

Chunk freelists:
   Non-Class:  3.00 MB
       Class:  3.56 MB
        Both:  6.56 MB

MaxMetaspaceSize: 17179869184.00 GB
CompressedClassSpaceSize: 1.00 GB
 - commit_granule_bytes: 65536.
 - commit_granule_words: 8192.
 - virtual_space_node_default_size: 1048576.
 - enlarge_chunks_in_place: 1.
 - new_chunks_are_fully_committed: 0.
 - uncommit_free_chunks: 1.
 - use_allocation_guard: 0.
 - handle_deallocations: 1.


Internal statistics:

num_allocs_failed_limit: 0.
num_arena_births: 4.
num_arena_deaths: 0.
num_vsnodes_births: 2.
num_vsnodes_deaths: 0.
num_space_committed: 81.
num_space_uncommitted: 0.
num_chunks_returned_to_freelist: 0.
num_chunks_taken_from_freelist: 8.
num_chunk_merges: 0.
num_chunk_splits: 3.
num_chunks_enlarged: 1.
num_purges: 0.

CodeHeap 'non-profiled nmethods': size=120000Kb used=50Kb max_used=50Kb free=119949Kb
 bounds [0x0000025672030000, 0x00000256722a0000, 0x0000025679560000]
CodeHeap 'profiled nmethods': size=120000Kb used=181Kb max_used=181Kb free=119818Kb
 bounds [0x000002566ab00000, 0x000002566ad70000, 0x0000025672030000]
CodeHeap 'non-nmethods': size=5760Kb used=1143Kb max_used=1162Kb free=4616Kb
 bounds [0x000002566a560000, 0x000002566a7d0000, 0x000002566ab00000]
 total_blobs=485 nmethods=153 adapters=245
 compilation: enabled
              stopped_count=0, restarted_count=0
 full_count=0

Compilation events (20 events):
Event: 0.481 Thread 0x000002567df952b0  142       3       java.lang.StringBuilder::append (8 bytes)
Event: 0.481 Thread 0x000002567df952b0 nmethod 142 0x000002566ab2af90 code [0x000002566ab2b140, 0x000002566ab2b288]
Event: 0.481 Thread 0x000002567df952b0  143       3       java.lang.AbstractStringBuilder::append (45 bytes)
Event: 0.482 Thread 0x000002567df952b0 nmethod 143 0x000002566ab2b310 code [0x000002566ab2b500, 0x000002566ab2b848]
Event: 0.482 Thread 0x000002567df952b0  146       3       java.util.Optional::ofNullable (19 bytes)
Event: 0.482 Thread 0x000002567df952b0 nmethod 146 0x000002566ab2b990 code [0x000002566ab2bb40, 0x000002566ab2bdf8]
Event: 0.483 Thread 0x000002567df952b0  147       3       java.util.HashMap::keySet (25 bytes)
Event: 0.483 Thread 0x000002567df952b0 nmethod 147 0x000002566ab2bf10 code [0x000002566ab2c0e0, 0x000002566ab2c4b8]
Event: 0.483 Thread 0x000002567df952b0  148       3       java.util.HashMap$KeySet::iterator (12 bytes)
Event: 0.483 Thread 0x000002567df952b0 nmethod 148 0x000002566ab2c610 code [0x000002566ab2c7c0, 0x000002566ab2ca28]
Event: 0.483 Thread 0x000002567df952b0  149       3       java.util.HashMap$KeyIterator::<init> (11 bytes)
Event: 0.484 Thread 0x000002567df952b0 nmethod 149 0x000002566ab2cb10 code [0x000002566ab2ccc0, 0x000002566ab2ce68]
Event: 0.484 Thread 0x000002567df952b0  151       3       java.util.HashSet::iterator (13 bytes)
Event: 0.484 Thread 0x000002567df952b0 nmethod 151 0x000002566ab2cf10 code [0x000002566ab2d0c0, 0x000002566ab2d358]
Event: 0.484 Thread 0x000002567df952b0  150       1       java.lang.module.ResolvedModule::reference (5 bytes)
Event: 0.484 Thread 0x000002567df952b0 nmethod 150 0x000002567203b010 code [0x000002567203b1a0, 0x000002567203b278]
Event: 0.484 Thread 0x000002567df948b0  152       4       java.util.HashMap::putVal (300 bytes)
Event: 0.514 Thread 0x000002567df948b0 nmethod 152 0x000002567203b310 code [0x000002567203b500, 0x000002567203c0b8]
Event: 0.514 Thread 0x000002567df948b0  153       4       java.util.HashMap::newNode (13 bytes)
Event: 0.516 Thread 0x000002567df948b0 nmethod 153 0x000002567203c690 code [0x000002567203c820, 0x000002567203c938]

GC Heap History (0 events):
No events

Deoptimization events (0 events):
No events

Classes unloaded (0 events):
No events

Classes redefined (0 events):
No events

Internal exceptions (0 events):
No events

Events (20 events):
Event: 0.450 loading class java/util/HashMap$Values
Event: 0.450 loading class java/util/HashMap$Values done
Event: 0.450 loading class java/util/HashMap$ValueIterator
Event: 0.450 loading class java/util/HashMap$ValueIterator done
Event: 0.451 loading class java/util/LinkedHashSet
Event: 0.451 loading class java/util/LinkedHashSet done
Event: 0.451 loading class java/util/LinkedHashMap
Event: 0.452 loading class java/util/LinkedHashMap done
Event: 0.452 Executing  VM operation: HandshakeAllThreads
Event: 0.452 Executing  VM operation: HandshakeAllThreads done
Event: 0.454 loading class java/util/Collections$UnmodifiableCollection$1
Event: 0.454 loading class java/util/Collections$UnmodifiableCollection$1 done
Event: 0.455 loading class java/lang/module/ResolvedModule
Event: 0.455 loading class java/lang/module/ResolvedModule done
Event: 0.475 loading class jdk/internal/module/ModuleLoaderMap
Event: 0.475 loading class jdk/internal/module/ModuleLoaderMap done
Event: 0.475 loading class jdk/internal/module/ModuleLoaderMap$Mapper
Event: 0.475 loading class jdk/internal/module/ModuleLoaderMap$Mapper done
Event: 0.475 loading class jdk/internal/module/ModuleLoaderMap$Modules
Event: 0.476 loading class jdk/internal/module/ModuleLoaderMap$Modules done


Dynamic libraries:
0x00007ff6e0250000 - 0x00007ff6e025e000 	C:\Users\abner\OneDrive\햞ea de Trabalho\Generation Brasil\sts-4.11.1.RELEASE\plugins\org.eclipse.justj.openjdk.hotspot.jre.full.win32.x86_64_16.0.2.v20210721-1149\jre\bin\javaw.exe
0x00007fff8b050000 - 0x00007fff8b245000 	C:\WINDOWS\SYSTEM32\ntdll.dll
0x00007fff8a650000 - 0x00007fff8a70d000 	C:\WINDOWS\System32\KERNEL32.DLL
0x00007fff88a00000 - 0x00007fff88cc9000 	C:\WINDOWS\System32\KERNELBASE.dll
0x00007fff88e90000 - 0x00007fff88f90000 	C:\WINDOWS\System32\ucrtbase.dll
0x00007fff70750000 - 0x00007fff70768000 	C:\Users\abner\OneDrive\햞ea de Trabalho\Generation Brasil\sts-4.11.1.RELEASE\plugins\org.eclipse.justj.openjdk.hotspot.jre.full.win32.x86_64_16.0.2.v20210721-1149\jre\bin\jli.dll
0x00007fff70630000 - 0x00007fff70649000 	C:\Users\abner\OneDrive\햞ea de Trabalho\Generation Brasil\sts-4.11.1.RELEASE\plugins\org.eclipse.justj.openjdk.hotspot.jre.full.win32.x86_64_16.0.2.v20210721-1149\jre\bin\VCRUNTIME140.dll
0x00007fff8a290000 - 0x00007fff8a430000 	C:\WINDOWS\System32\USER32.dll
0x00007fff88780000 - 0x00007fff887a2000 	C:\WINDOWS\System32\win32u.dll
0x00007fff8a430000 - 0x00007fff8a45a000 	C:\WINDOWS\System32\GDI32.dll
0x00007fff887b0000 - 0x00007fff888bb000 	C:\WINDOWS\System32\gdi32full.dll
0x00007fff88f90000 - 0x00007fff8902d000 	C:\WINDOWS\System32\msvcp_win.dll
0x00007fff7e4a0000 - 0x00007fff7e73a000 	C:\WINDOWS\WinSxS\amd64_microsoft.windows.common-controls_6595b64144ccf1df_6.0.19041.1110_none_60b5254171f9507e\COMCTL32.dll
0x00007fff89ab0000 - 0x00007fff89b4e000 	C:\WINDOWS\System32\msvcrt.dll
0x00007fff8ab10000 - 0x00007fff8ab40000 	C:\WINDOWS\System32\IMM32.DLL
0x00007fff84690000 - 0x00007fff8469c000 	C:\Users\abner\OneDrive\햞ea de Trabalho\Generation Brasil\sts-4.11.1.RELEASE\plugins\org.eclipse.justj.openjdk.hotspot.jre.full.win32.x86_64_16.0.2.v20210721-1149\jre\bin\vcruntime140_1.dll
0x00007fff594e0000 - 0x00007fff59571000 	C:\Users\abner\OneDrive\햞ea de Trabalho\Generation Brasil\sts-4.11.1.RELEASE\plugins\org.eclipse.justj.openjdk.hotspot.jre.full.win32.x86_64_16.0.2.v20210721-1149\jre\bin\msvcp140.dll
0x00007fff249d0000 - 0x00007fff2557b000 	C:\Users\abner\OneDrive\햞ea de Trabalho\Generation Brasil\sts-4.11.1.RELEASE\plugins\org.eclipse.justj.openjdk.hotspot.jre.full.win32.x86_64_16.0.2.v20210721-1149\jre\bin\server\jvm.dll
0x00007fff8a030000 - 0x00007fff8a0dc000 	C:\WINDOWS\System32\ADVAPI32.dll
0x00007fff8a710000 - 0x00007fff8a7ab000 	C:\WINDOWS\System32\sechost.dll
0x00007fff891e0000 - 0x00007fff8930a000 	C:\WINDOWS\System32\RPCRT4.dll
0x00007fff8ac10000 - 0x00007fff8ac18000 	C:\WINDOWS\System32\PSAPI.DLL
0x00007fff86230000 - 0x00007fff86239000 	C:\WINDOWS\SYSTEM32\WSOCK32.dll
0x00007fff77720000 - 0x00007fff7772a000 	C:\WINDOWS\SYSTEM32\VERSION.dll
0x00007fff8a960000 - 0x00007fff8a9cb000 	C:\WINDOWS\System32\WS2_32.dll
0x00007fff70a20000 - 0x00007fff70a47000 	C:\WINDOWS\SYSTEM32\WINMM.dll
0x00007fff86690000 - 0x00007fff866a2000 	C:\WINDOWS\SYSTEM32\kernel.appcore.dll
0x00007fff85eb0000 - 0x00007fff85eba000 	C:\Users\abner\OneDrive\햞ea de Trabalho\Generation Brasil\sts-4.11.1.RELEASE\plugins\org.eclipse.justj.openjdk.hotspot.jre.full.win32.x86_64_16.0.2.v20210721-1149\jre\bin\jimage.dll
0x00007fff788d0000 - 0x00007fff78ab4000 	C:\WINDOWS\SYSTEM32\DBGHELP.DLL
0x00007fff787a0000 - 0x00007fff787cc000 	C:\WINDOWS\SYSTEM32\dbgcore.DLL
0x00007fff88970000 - 0x00007fff889f3000 	C:\WINDOWS\System32\bcryptPrimitives.dll
0x00007fff70d60000 - 0x00007fff70d9b000 	C:\Users\abner\OneDrive\햞ea de Trabalho\Generation Brasil\sts-4.11.1.RELEASE\plugins\org.eclipse.justj.openjdk.hotspot.jre.full.win32.x86_64_16.0.2.v20210721-1149\jre\bin\jdwp.dll
0x00007fff83b30000 - 0x00007fff83b3e000 	C:\Users\abner\OneDrive\햞ea de Trabalho\Generation Brasil\sts-4.11.1.RELEASE\plugins\org.eclipse.justj.openjdk.hotspot.jre.full.win32.x86_64_16.0.2.v20210721-1149\jre\bin\instrument.dll
0x00007fff79620000 - 0x00007fff79645000 	C:\Users\abner\OneDrive\햞ea de Trabalho\Generation Brasil\sts-4.11.1.RELEASE\plugins\org.eclipse.justj.openjdk.hotspot.jre.full.win32.x86_64_16.0.2.v20210721-1149\jre\bin\java.dll
0x00007fff85170000 - 0x00007fff85188000 	C:\Users\abner\OneDrive\햞ea de Trabalho\Generation Brasil\sts-4.11.1.RELEASE\plugins\org.eclipse.justj.openjdk.hotspot.jre.full.win32.x86_64_16.0.2.v20210721-1149\jre\bin\zip.dll
0x00007fff89310000 - 0x00007fff89a4f000 	C:\WINDOWS\System32\SHELL32.dll
0x00007fff86890000 - 0x00007fff87020000 	C:\WINDOWS\SYSTEM32\windows.storage.dll
0x00007fff8acb0000 - 0x00007fff8b005000 	C:\WINDOWS\System32\combase.dll
0x00007fff881e0000 - 0x00007fff8820c000 	C:\WINDOWS\SYSTEM32\Wldp.dll
0x00007fff8ab60000 - 0x00007fff8ac0e000 	C:\WINDOWS\System32\SHCORE.dll
0x00007fff8aab0000 - 0x00007fff8ab05000 	C:\WINDOWS\System32\shlwapi.dll
0x00007fff886c0000 - 0x00007fff886df000 	C:\WINDOWS\SYSTEM32\profapi.dll

dbghelp: loaded successfully - version: 4.0.5 - missing functions: none
symbol engine: initialized successfully - sym options: 0x614 - pdb path: .;C:\Users\abner\OneDrive\햞ea de Trabalho\Generation Brasil\sts-4.11.1.RELEASE\plugins\org.eclipse.justj.openjdk.hotspot.jre.full.win32.x86_64_16.0.2.v20210721-1149\jre\bin;C:\WINDOWS\SYSTEM32;C:\WINDOWS\WinSxS\amd64_microsoft.windows.common-controls_6595b64144ccf1df_6.0.19041.1110_none_60b5254171f9507e;C:\Users\abner\OneDrive\햞ea de Trabalho\Generation Brasil\sts-4.11.1.RELEASE\plugins\org.eclipse.justj.openjdk.hotspot.jre.full.win32.x86_64_16.0.2.v20210721-1149\jre\bin\server

VM Arguments:
jvm_args: -XX:+ShowCodeDetailsInExceptionMessages -agentlib:jdwp=transport=dt_socket,suspend=y,address=localhost:58206 -javaagent:C:\Users\abner\OneDrive\햞ea de Trabalho\Generation Brasil\sts-4.11.1.RELEASE\configuration\org.eclipse.osgi\258\0\.cp\lib\javaagent-shaded.jar -Dfile.encoding=Cp1252 
java_command: br.com.generation.projetoJavaAmarelo.Inicio
java_class_path (initial): C:\workspace\Projeto-JavaAmarelo\bin
Launcher Type: SUN_STANDARD

[Global flags]
     intx CICompilerCount                          = 3                                         {product} {ergonomic}
     uint ConcGCThreads                            = 1                                         {product} {ergonomic}
     uint G1ConcRefinementThreads                  = 4                                         {product} {ergonomic}
   size_t G1HeapRegionSize                         = 1048576                                   {product} {ergonomic}
    uintx GCDrainStackTargetSize                   = 64                                        {product} {ergonomic}
   size_t InitialHeapSize                          = 67108864                                  {product} {ergonomic}
   size_t MarkStackSize                            = 4194304                                   {product} {ergonomic}
   size_t MaxHeapSize                              = 1052770304                                {product} {ergonomic}
   size_t MaxNewSize                               = 631242752                                 {product} {ergonomic}
   size_t MinHeapDeltaBytes                        = 1048576                                   {product} {ergonomic}
   size_t MinHeapSize                              = 8388608                                   {product} {ergonomic}
    uintx NonNMethodCodeHeapSize                   = 5832780                                {pd product} {ergonomic}
    uintx NonProfiledCodeHeapSize                  = 122912730                              {pd product} {ergonomic}
    uintx ProfiledCodeHeapSize                     = 122912730                              {pd product} {ergonomic}
    uintx ReservedCodeCacheSize                    = 251658240                              {pd product} {ergonomic}
     bool SegmentedCodeCache                       = true                                      {product} {ergonomic}
     bool ShowCodeDetailsInExceptionMessages       = true                                   {manageable} {command line}
   size_t SoftMaxHeapSize                          = 1052770304                             {manageable} {ergonomic}
     bool UseCompressedClassPointers               = true                           {product lp64_product} {ergonomic}
     bool UseCompressedOops                        = true                           {product lp64_product} {ergonomic}
     bool UseG1GC                                  = true                                      {product} {ergonomic}
     bool UseLargePagesIndividualAllocation        = false                                  {pd product} {ergonomic}

Logging:
Log output configuration:
 #0: stdout all=warning uptime,level,tags
 #1: stderr all=off uptime,level,tags

Environment Variables:
PATH=C:\Users\abner\OneDrive\햞ea de Trabalho\Generation Brasil\sts-4.11.1.RELEASE\plugins\org.eclipse.justj.openjdk.hotspot.jre.full.win32.x86_64_16.0.2.v20210721-1149\jre\bin;C:/Users/abner/OneDrive/탍ea de Trabalho/Generation Brasil/sts-4.11.1.RELEASE//plugins/org.eclipse.justj.openjdk.hotspot.jre.full.win32.x86_64_16.0.2.v20210721-1149/jre/bin/server;C:/Users/abner/OneDrive/탍ea de Trabalho/Generation Brasil/sts-4.11.1.RELEASE//plugins/org.eclipse.justj.openjdk.hotspot.jre.full.win32.x86_64_16.0.2.v20210721-1149/jre/bin;C:\Program Files (x86)\Common Files\Oracle\Java\javapath;C:\Program Files (x86)\Intel\iCLS Client\;C:\Program Files\Intel\iCLS Client\;C:\WINDOWS\system32;C:\WINDOWS;C:\WINDOWS\System32\Wbem;C:\WINDOWS\System32\WindowsPowerShell\v1.0\;C:\Program Files (x86)\Intel\Intel(R) Management Engine Components\DAL;C:\Program Files\Intel\Intel(R) Management Engine Components\DAL;C:\Program Files (x86)\Intel\Intel(R) Management Engine Components\IPT;C:\Program Files\Intel\Intel(R) Management Engine Components\IPT;C:\WINDOWS\System32\OpenSSH\;C:\Program Files\Java\jdk1.8.0_301\bin;C:\ProgramData\UNIVALI\Portugol Studio;C:\Program Files\Git\cmd;C:\Users\abner\AppData\Local\Microsoft\WindowsApps;;C:\Users\abner\AppData\Local\Programs\Microsoft VS Code\bin;C:\workspace\Projeto-JavaAmarelo\src\br\com\generation\projetoJavaAmarelo;
USERNAME=abner
OS=Windows_NT
PROCESSOR_IDENTIFIER=Intel64 Family 6 Model 78 Stepping 3, GenuineIntel



---------------  S Y S T E M  ---------------

OS:
 Windows 10 , 64 bit Build 19041 (10.0.19041.1151)
OS uptime: 3 days 2:03 hours

CPU: total 4 (initial active 4) (2 cores per cpu, 2 threads per core) family 6 model 78 stepping 3 microcode 0xd6, cx8, cmov, fxsr, ht, mmx, 3dnowpref, sse, sse2, sse3, ssse3, sse4.1, sse4.2, popcnt, lzcnt, tsc, tscinvbit, avx, avx2, aes, erms, clmul, bmi1, bmi2, adx, fma, vzeroupper, clflush, clflushopt

Memory: 4k page, system-wide physical 4009M (199M free)
TotalPageFile size 16297M (AvailPageFile size 3M)
current process WorkingSet (physical memory assigned to process): 30M, peak: 30M
current process commit charge ("private bytes"): 129M, peak: 129M

vm_info: OpenJDK 64-Bit Server VM (16.0.2+7-67) for windows-amd64 JRE (16.0.2+7-67), built on Jun  8 2021 23:21:43 by "mach5one" with MS VC++ 16.7 (VS2019)

END.
