#
# There is insufficient memory for the Java Runtime Environment to continue.
# Native memory allocation (mmap) failed to map 67108864 bytes for G1 virtual space
# Possible reasons:
#   The system is out of physical RAM or swap space
#   The process is running with CompressedOops enabled, and the Java Heap may be blocking the growth of the native heap
# Possible solutions:
#   Reduce memory load on the system
#   Increase physical memory or swap space
#   Check if swap backing store is full
#   Decrease Java heap size (-Xmx/-Xms)
#   Decrease number of Java threads
#   Decrease Java thread stack sizes (-Xss)
#   Set larger code cache with -XX:ReservedCodeCacheSize=
#   JVM is running with Unscaled Compressed Oops mode in which the Java heap is
#     placed in the first 4GB address space. The Java Heap base address is the
#     maximum limit for the native heap growth. Please use -XX:HeapBaseMinAddress
#     to set the Java Heap base and to place the Java Heap above 4GB virtual address.
# This output file may be truncated or incomplete.
#
#  Out of Memory Error (os_windows.cpp:3466), pid=33864, tid=34924
#
# JRE version:  (16.0.2+7) (build )
# Java VM: OpenJDK 64-Bit Server VM (16.0.2+7-67, mixed mode, sharing, tiered, compressed oops, compressed class ptrs, g1 gc, windows-amd64)
# No core dump will be written. Minidumps are not enabled by default on client versions of Windows
#

---------------  S U M M A R Y ------------

Command Line: -XX:+ShowCodeDetailsInExceptionMessages -agentlib:jdwp=transport=dt_socket,suspend=y,address=localhost:61083 -javaagent:C:\Users\abner\OneDrive\햞ea de Trabalho\Generation Brasil\sts-4.11.1.RELEASE\configuration\org.eclipse.osgi\258\0\.cp\lib\javaagent-shaded.jar -Dfile.encoding=Cp1252 br.com.generation.projetoJavaAmarelo.Inicio

Host: Intel(R) Core(TM) i3-6006U CPU @ 2.00GHz, 4 cores, 3G,  Windows 10 , 64 bit Build 19041 (10.0.19041.1151)
Time: Tue Sep 14 00:44:10 2021 Hora oficial do Brasil elapsed time: 0.132591 seconds (0d 0h 0m 0s)

---------------  T H R E A D  ---------------

Current thread (0x000002006ae78bd0):  JavaThread "Unknown thread" [_thread_in_vm, id=34924, stack(0x0000005c5dc00000,0x0000005c5dd00000)]

Stack: [0x0000005c5dc00000,0x0000005c5dd00000]
Native frames: (J=compiled Java code, j=interpreted, Vv=VM code, C=native code)
V  [jvm.dll+0x6681ca]
V  [jvm.dll+0x7c9e69]
V  [jvm.dll+0x7cb61e]
V  [jvm.dll+0x7cbc73]
V  [jvm.dll+0x242c55]
V  [jvm.dll+0x664f89]
V  [jvm.dll+0x659b75]
V  [jvm.dll+0x2fbfbb]
V  [jvm.dll+0x3031b6]
V  [jvm.dll+0x35299e]
V  [jvm.dll+0x352bcf]
V  [jvm.dll+0x2d3028]
V  [jvm.dll+0x2d4264]
V  [jvm.dll+0x79c741]
V  [jvm.dll+0x360791]
V  [jvm.dll+0x77a3f0]
V  [jvm.dll+0x3e4e8f]
V  [jvm.dll+0x3e6961]
C  [jli.dll+0x52fb]
C  [ucrtbase.dll+0x21bb2]
C  [KERNEL32.DLL+0x17034]
C  [ntdll.dll+0x52651]


---------------  P R O C E S S  ---------------

Threads class SMR info:
_java_thread_list=0x00007fff254dcbb8, length=0, elements={
}

Java Threads: ( => current thread )

Other Threads:
  0x000002006aeab2c0 GCTaskThread "GC Thread#0" [stack: 0x0000005c5dd00000,0x0000005c5de00000] [id=35240]
  0x000002006aeb4920 ConcurrentGCThread "G1 Main Marker" [stack: 0x0000005c5de00000,0x0000005c5df00000] [id=33764]
  0x000002006aeb5410 ConcurrentGCThread "G1 Conc#0" [stack: 0x0000005c5df00000,0x0000005c5e000000] [id=24724]

[error occurred during error reporting (printing all threads), id 0xc0000005, EXCEPTION_ACCESS_VIOLATION (0xc0000005) at pc=0x00007fff24cb3ee7]

VM state: not at safepoint (not fully initialized)

VM Mutex/Monitor currently owned by a thread:  ([mutex/lock_event])
[0x000002006ae76350] Heap_lock - owner thread: 0x000002006ae78bd0

Heap address: 0x00000000c1400000, size: 1004 MB, Compressed Oops mode: 32-bit

CDS archive(s) mapped at: [0x0000000000000000-0x0000000000000000-0x0000000000000000), size 0, SharedBaseAddress: 0x0000000800000000, ArchiveRelocationMode: 0.
Narrow klass base: 0x0000000000000000, Narrow klass shift: 0, Narrow klass range: 0x0

GC Precious Log:
<Empty>

Heap:
 garbage-first heap   total 0K, used 0K [0x00000000c1400000, 0x0000000100000000)
  region size 1024K, 0 young (0K), 0 survivors (0K)

[error occurred during error reporting (printing heap information), id 0xc0000005, EXCEPTION_ACCESS_VIOLATION (0xc0000005) at pc=0x00007fff25091eed]

GC Heap History (0 events):
No events

Deoptimization events (0 events):
No events

Classes unloaded (0 events):
No events

Classes redefined (0 events):
No events

Internal exceptions (0 events):
No events

Events (1 events):
Event: 0.049 Loaded shared library C:\Users\abner\OneDrive\햞ea de Trabalho\Generation Brasil\sts-4.11.1.RELEASE\plugins\org.eclipse.justj.openjdk.hotspot.jre.full.win32.x86_64_16.0.2.v20210721-1149\jre\bin\java.dll


Dynamic libraries:
0x00007ff6e0250000 - 0x00007ff6e025e000 	C:\Users\abner\OneDrive\햞ea de Trabalho\Generation Brasil\sts-4.11.1.RELEASE\plugins\org.eclipse.justj.openjdk.hotspot.jre.full.win32.x86_64_16.0.2.v20210721-1149\jre\bin\javaw.exe
0x00007fff8b050000 - 0x00007fff8b245000 	C:\WINDOWS\SYSTEM32\ntdll.dll
0x00007fff8a650000 - 0x00007fff8a70d000 	C:\WINDOWS\System32\KERNEL32.DLL
0x00007fff88a00000 - 0x00007fff88cc9000 	C:\WINDOWS\System32\KERNELBASE.dll
0x00007fff88e90000 - 0x00007fff88f90000 	C:\WINDOWS\System32\ucrtbase.dll
0x00007fff70750000 - 0x00007fff70768000 	C:\Users\abner\OneDrive\햞ea de Trabalho\Generation Brasil\sts-4.11.1.RELEASE\plugins\org.eclipse.justj.openjdk.hotspot.jre.full.win32.x86_64_16.0.2.v20210721-1149\jre\bin\jli.dll
0x00007fff8a290000 - 0x00007fff8a430000 	C:\WINDOWS\System32\USER32.dll
0x00007fff88780000 - 0x00007fff887a2000 	C:\WINDOWS\System32\win32u.dll
0x00007fff8a430000 - 0x00007fff8a45a000 	C:\WINDOWS\System32\GDI32.dll
0x00007fff887b0000 - 0x00007fff888bb000 	C:\WINDOWS\System32\gdi32full.dll
0x00007fff88f90000 - 0x00007fff8902d000 	C:\WINDOWS\System32\msvcp_win.dll
0x00007fff70630000 - 0x00007fff70649000 	C:\Users\abner\OneDrive\햞ea de Trabalho\Generation Brasil\sts-4.11.1.RELEASE\plugins\org.eclipse.justj.openjdk.hotspot.jre.full.win32.x86_64_16.0.2.v20210721-1149\jre\bin\VCRUNTIME140.dll
0x00007fff7e4a0000 - 0x00007fff7e73a000 	C:\WINDOWS\WinSxS\amd64_microsoft.windows.common-controls_6595b64144ccf1df_6.0.19041.1110_none_60b5254171f9507e\COMCTL32.dll
0x00007fff89ab0000 - 0x00007fff89b4e000 	C:\WINDOWS\System32\msvcrt.dll
0x00007fff8ab10000 - 0x00007fff8ab40000 	C:\WINDOWS\System32\IMM32.DLL
0x00007fff84690000 - 0x00007fff8469c000 	C:\Users\abner\OneDrive\햞ea de Trabalho\Generation Brasil\sts-4.11.1.RELEASE\plugins\org.eclipse.justj.openjdk.hotspot.jre.full.win32.x86_64_16.0.2.v20210721-1149\jre\bin\vcruntime140_1.dll
0x00007fff594e0000 - 0x00007fff59571000 	C:\Users\abner\OneDrive\햞ea de Trabalho\Generation Brasil\sts-4.11.1.RELEASE\plugins\org.eclipse.justj.openjdk.hotspot.jre.full.win32.x86_64_16.0.2.v20210721-1149\jre\bin\msvcp140.dll
0x00007fff249d0000 - 0x00007fff2557b000 	C:\Users\abner\OneDrive\햞ea de Trabalho\Generation Brasil\sts-4.11.1.RELEASE\plugins\org.eclipse.justj.openjdk.hotspot.jre.full.win32.x86_64_16.0.2.v20210721-1149\jre\bin\server\jvm.dll
0x00007fff8a030000 - 0x00007fff8a0dc000 	C:\WINDOWS\System32\ADVAPI32.dll
0x00007fff8a710000 - 0x00007fff8a7ab000 	C:\WINDOWS\System32\sechost.dll
0x00007fff891e0000 - 0x00007fff8930a000 	C:\WINDOWS\System32\RPCRT4.dll
0x00007fff8ac10000 - 0x00007fff8ac18000 	C:\WINDOWS\System32\PSAPI.DLL
0x00007fff86230000 - 0x00007fff86239000 	C:\WINDOWS\SYSTEM32\WSOCK32.dll
0x00007fff8a960000 - 0x00007fff8a9cb000 	C:\WINDOWS\System32\WS2_32.dll
0x00007fff77720000 - 0x00007fff7772a000 	C:\WINDOWS\SYSTEM32\VERSION.dll
0x00007fff70a20000 - 0x00007fff70a47000 	C:\WINDOWS\SYSTEM32\WINMM.dll
0x00007fff86690000 - 0x00007fff866a2000 	C:\WINDOWS\SYSTEM32\kernel.appcore.dll
0x00007fff85eb0000 - 0x00007fff85eba000 	C:\Users\abner\OneDrive\햞ea de Trabalho\Generation Brasil\sts-4.11.1.RELEASE\plugins\org.eclipse.justj.openjdk.hotspot.jre.full.win32.x86_64_16.0.2.v20210721-1149\jre\bin\jimage.dll
0x00007fff788d0000 - 0x00007fff78ab4000 	C:\WINDOWS\SYSTEM32\DBGHELP.DLL
0x00007fff787a0000 - 0x00007fff787cc000 	C:\WINDOWS\SYSTEM32\dbgcore.DLL
0x00007fff88970000 - 0x00007fff889f3000 	C:\WINDOWS\System32\bcryptPrimitives.dll
0x00007fff70d60000 - 0x00007fff70d9b000 	C:\Users\abner\OneDrive\햞ea de Trabalho\Generation Brasil\sts-4.11.1.RELEASE\plugins\org.eclipse.justj.openjdk.hotspot.jre.full.win32.x86_64_16.0.2.v20210721-1149\jre\bin\jdwp.dll
0x00007fff83b30000 - 0x00007fff83b3e000 	C:\Users\abner\OneDrive\햞ea de Trabalho\Generation Brasil\sts-4.11.1.RELEASE\plugins\org.eclipse.justj.openjdk.hotspot.jre.full.win32.x86_64_16.0.2.v20210721-1149\jre\bin\instrument.dll
0x00007fff79620000 - 0x00007fff79645000 	C:\Users\abner\OneDrive\햞ea de Trabalho\Generation Brasil\sts-4.11.1.RELEASE\plugins\org.eclipse.justj.openjdk.hotspot.jre.full.win32.x86_64_16.0.2.v20210721-1149\jre\bin\java.dll

dbghelp: loaded successfully - version: 4.0.5 - missing functions: none
symbol engine: initialized successfully - sym options: 0x614 - pdb path: .;C:\Users\abner\OneDrive\햞ea de Trabalho\Generation Brasil\sts-4.11.1.RELEASE\plugins\org.eclipse.justj.openjdk.hotspot.jre.full.win32.x86_64_16.0.2.v20210721-1149\jre\bin;C:\WINDOWS\SYSTEM32;C:\WINDOWS\WinSxS\amd64_microsoft.windows.common-controls_6595b64144ccf1df_6.0.19041.1110_none_60b5254171f9507e;C:\Users\abner\OneDrive\햞ea de Trabalho\Generation Brasil\sts-4.11.1.RELEASE\plugins\org.eclipse.justj.openjdk.hotspot.jre.full.win32.x86_64_16.0.2.v20210721-1149\jre\bin\server

VM Arguments:
jvm_args: -XX:+ShowCodeDetailsInExceptionMessages -agentlib:jdwp=transport=dt_socket,suspend=y,address=localhost:61083 -javaagent:C:\Users\abner\OneDrive\햞ea de Trabalho\Generation Brasil\sts-4.11.1.RELEASE\configuration\org.eclipse.osgi\258\0\.cp\lib\javaagent-shaded.jar -Dfile.encoding=Cp1252 
java_command: br.com.generation.projetoJavaAmarelo.Inicio
java_class_path (initial): C:\workspace\Projeto-JavaAmarelo\bin
Launcher Type: SUN_STANDARD

[Global flags]
     intx CICompilerCount                          = 3                                         {product} {ergonomic}
     uint ConcGCThreads                            = 1                                         {product} {ergonomic}
     uint G1ConcRefinementThreads                  = 4                                         {product} {ergonomic}
   size_t G1HeapRegionSize                         = 1048576                                   {product} {ergonomic}
    uintx GCDrainStackTargetSize                   = 64                                        {product} {ergonomic}
   size_t InitialHeapSize                          = 67108864                                  {product} {ergonomic}
   size_t MarkStackSize                            = 4194304                                   {product} {ergonomic}
   size_t MaxHeapSize                              = 1052770304                                {product} {ergonomic}
   size_t MinHeapDeltaBytes                        = 1048576                                   {product} {ergonomic}
   size_t MinHeapSize                              = 8388608                                   {product} {ergonomic}
    uintx NonNMethodCodeHeapSize                   = 5832780                                {pd product} {ergonomic}
    uintx NonProfiledCodeHeapSize                  = 122912730                              {pd product} {ergonomic}
    uintx ProfiledCodeHeapSize                     = 122912730                              {pd product} {ergonomic}
    uintx ReservedCodeCacheSize                    = 251658240                              {pd product} {ergonomic}
     bool SegmentedCodeCache                       = true                                      {product} {ergonomic}
     bool ShowCodeDetailsInExceptionMessages       = true                                   {manageable} {command line}
   size_t SoftMaxHeapSize                          = 1052770304                             {manageable} {ergonomic}
     bool UseCompressedClassPointers               = true                           {product lp64_product} {ergonomic}
     bool UseCompressedOops                        = true                           {product lp64_product} {ergonomic}
     bool UseG1GC                                  = true                                      {product} {ergonomic}
     bool UseLargePagesIndividualAllocation        = false                                  {pd product} {ergonomic}

Logging:
Log output configuration:
 #0: stdout all=warning uptime,level,tags
 #1: stderr all=off uptime,level,tags

Environment Variables:
PATH=C:\Users\abner\OneDrive\햞ea de Trabalho\Generation Brasil\sts-4.11.1.RELEASE\plugins\org.eclipse.justj.openjdk.hotspot.jre.full.win32.x86_64_16.0.2.v20210721-1149\jre\bin;C:/Users/abner/OneDrive/탍ea de Trabalho/Generation Brasil/sts-4.11.1.RELEASE//plugins/org.eclipse.justj.openjdk.hotspot.jre.full.win32.x86_64_16.0.2.v20210721-1149/jre/bin/server;C:/Users/abner/OneDrive/탍ea de Trabalho/Generation Brasil/sts-4.11.1.RELEASE//plugins/org.eclipse.justj.openjdk.hotspot.jre.full.win32.x86_64_16.0.2.v20210721-1149/jre/bin;C:\Program Files (x86)\Common Files\Oracle\Java\javapath;C:\Program Files (x86)\Intel\iCLS Client\;C:\Program Files\Intel\iCLS Client\;C:\WINDOWS\system32;C:\WINDOWS;C:\WINDOWS\System32\Wbem;C:\WINDOWS\System32\WindowsPowerShell\v1.0\;C:\Program Files (x86)\Intel\Intel(R) Management Engine Components\DAL;C:\Program Files\Intel\Intel(R) Management Engine Components\DAL;C:\Program Files (x86)\Intel\Intel(R) Management Engine Components\IPT;C:\Program Files\Intel\Intel(R) Management Engine Components\IPT;C:\WINDOWS\System32\OpenSSH\;C:\Program Files\Java\jdk1.8.0_301\bin;C:\ProgramData\UNIVALI\Portugol Studio;C:\Program Files\Git\cmd;C:\Users\abner\AppData\Local\Microsoft\WindowsApps;;C:\Users\abner\AppData\Local\Programs\Microsoft VS Code\bin;C:\workspace\Projeto-JavaAmarelo\src\br\com\generation\projetoJavaAmarelo;
USERNAME=abner
OS=Windows_NT
PROCESSOR_IDENTIFIER=Intel64 Family 6 Model 78 Stepping 3, GenuineIntel



---------------  S Y S T E M  ---------------

OS:
 Windows 10 , 64 bit Build 19041 (10.0.19041.1151)
OS uptime: 3 days 2:05 hours

CPU: total 4 (initial active 4) (2 cores per cpu, 2 threads per core) family 6 model 78 stepping 3 microcode 0xd6, cx8, cmov, fxsr, ht, mmx, 3dnowpref, sse, sse2, sse3, ssse3, sse4.1, sse4.2, popcnt, lzcnt, tsc, tscinvbit, avx, avx2, aes, erms, clmul, bmi1, bmi2, adx, fma, vzeroupper, clflush, clflushopt

Memory: 4k page, system-wide physical 4009M (265M free)
TotalPageFile size 16297M (AvailPageFile size 19M)
current process WorkingSet (physical memory assigned to process): 10M, peak: 10M
current process commit charge ("private bytes"): 51M, peak: 115M

vm_info: OpenJDK 64-Bit Server VM (16.0.2+7-67) for windows-amd64 JRE (16.0.2+7-67), built on Jun  8 2021 23:21:43 by "mach5one" with MS VC++ 16.7 (VS2019)

END.
